
ROM used: 414 (5%)
          414 (5%) including unused fragments

          1 Average locations per line
          7 Average locations per statement

RAM used: 10 (3%) at main() level
          21 (6%) worst case

Stack used: 5 worst case (out of 8 total available)

Lines Stmts  %   Files
----- ----- ---  -----
   36    14  24  ADC.c
  312     0   0  C:\Program Files\PICC\devices\16F877A.h
  238    45  76  lcd1.c
----- -----
  586    59 Total

Page ROM  %  RAM   Vol Diff  Functions:
---- --- --- ---   --- ----  ----------
0     20   5   1     3  0.0  @delay_ms1
0      8   2   0   593  3.9  @const57
0     44  11   1   326  2.8  lcd_send_nibble
0     39   9   3   235  3.8  lcd_send_byte
0     47  11   2   380  4.7  lcd_init
0     18   4   4   186  5.5  lcd_gotoxy
0     37   9   1   272  4.1  lcd_putc
0     27   7   2   115  2.3  Leer_ADC
0     74  18   2   219  2.6  MAIN
0     22   5   0             @const82
0     21   5   3             @DIV88
0     53  13   2             @PRINTF_U_70

Program metrics:
    Functions               9
    Statements              59
    Comments                118
    Volume (V)              3662
    Difficilty (D)          30.1
    Effort to implement (E) 110064
    Time to implement (T)   1 hours, 42 minutes
    Est Delivered Bugs (B)  1
    Cyclomatic Complexity   13
    Maintainability (MI)    78

 Segment     Used  Free
-----------  ----  ----
00000-00003     4  0  
00004-007FF   410  1634  
00800-00FFF     0  2048  
01000-017FF     0  2048  
01800-01FFF     0  2048  



